<?xml version="1.0" encoding="UTF-8"?>
<!-- Generated by org.testng.reporters.JUnitReportReporter -->
<testsuite hostname="GUO-PC" name="com.gorky.appiumdemo.testcases.login.HomePage_001_HomeCase_Test" tests="1" failures="1" timestamp="1 Dec 2017 03:53:33 GMT" time="0.000" errors="0">
  <testcase name="homeDemo" time="0.000" classname="com.gorky.appiumdemo.testcases.login.HomePage_001_HomeCase_Test"/>
</testsuite> <!-- com.gorky.appiumdemo.testcases.login.HomePage_001_HomeCase_Test -->
