<?xml version="1.0" encoding="UTF-8"?>
<!-- Generated by org.testng.reporters.JUnitReportReporter -->
<testsuite hostname="GUO-PC" name="com.gorky.appiumdemo.testcases.login.LoginPage_001_LoginCase_Test" tests="1" failures="0" timestamp="8 Dec 2017 09:15:30 GMT" time="16.736" errors="0">
  <testcase name="loginDemo" time="16.736" classname="com.gorky.appiumdemo.testcases.login.LoginPage_001_LoginCase_Test"/>
</testsuite> <!-- com.gorky.appiumdemo.testcases.login.LoginPage_001_LoginCase_Test -->
