<?xml version="1.0" encoding="UTF-8"?>
<!-- Generated by org.testng.reporters.JUnitReportReporter -->
<testsuite hostname="GUO-PC" name="com.gorky.appiumdemo.testcase.login.LoginPage_001_LoginCase_Test" tests="1" failures="0" timestamp="29 Nov 2017 03:28:48 GMT" time="16.847" errors="0">
  <testcase name="loginDemo" time="16.847" classname="com.gorky.appiumdemo.testcase.login.LoginPage_001_LoginCase_Test"/>
</testsuite> <!-- com.gorky.appiumdemo.testcase.login.LoginPage_001_LoginCase_Test -->
