<?xml version="1.0" encoding="UTF-8"?>
<!-- Generated by org.testng.reporters.JUnitReportReporter -->
<testsuite hostname="GUO-PC" name="com.gorky.appiumdemo.testcases.home.HomePage_001_HomeCase_Test" tests="1" failures="0" timestamp="8 Dec 2017 09:01:15 GMT" time="24.018" errors="0">
  <testcase name="homeDemo" time="24.018" classname="com.gorky.appiumdemo.testcases.home.HomePage_001_HomeCase_Test"/>
</testsuite> <!-- com.gorky.appiumdemo.testcases.home.HomePage_001_HomeCase_Test -->
