<?xml version="1.0" encoding="UTF-8"?>
<!-- Generated by org.testng.reporters.JUnitReportReporter -->
<testsuite hostname="GUO-PC" name="com.gorky.appiumdemo.AppiumTest" tests="2" failures="0" timestamp="23 Nov 2017 04:06:11 GMT" time="22.610" errors="0">
  <testcase name="login" time="20.632" classname="com.gorky.appiumdemo.AppiumTest"/>
  <testcase name="todayCalling" time="1.978" classname="com.gorky.appiumdemo.AppiumTest"/>
</testsuite> <!-- com.gorky.appiumdemo.AppiumTest -->
